TN:
SF:app.js
FN:30,(anonymous_0)
FN:35,(anonymous_1)
FNF:2
FNH:2
FNDA:2,(anonymous_0)
FNDA:20,(anonymous_1)
DA:5,3
DA:6,3
DA:8,3
DA:10,3
DA:11,3
DA:12,3
DA:13,3
DA:15,3
DA:17,3
DA:19,3
DA:20,3
DA:21,3
DA:22,3
DA:24,3
DA:25,3
DA:26,3
DA:30,3
DA:31,2
DA:35,3
DA:36,20
DA:37,20
DA:38,20
DA:40,20
DA:45,3
LF:24
LH:24
BRDA:36,0,0,1
BRDA:36,0,1,19
BRDA:37,1,0,20
BRDA:37,1,1,1
BRF:4
BRH:4
end_of_record
TN:
SF:config.js
FN:13,getDatabaseUri
FNF:1
FNH:1
FNDA:16,getDatabaseUri
DA:5,8
DA:6,8
DA:8,8
DA:10,8
DA:14,16
DA:28,8
DA:30,8
DA:31,8
DA:32,8
DA:33,8
DA:34,8
DA:35,8
DA:37,8
LF:13
LH:13
BRDA:8,0,0,8
BRDA:8,0,1,7
BRDA:10,1,0,8
BRDA:10,1,1,7
BRDA:14,2,0,13
BRDA:14,2,1,3
BRDA:16,3,0,3
BRDA:16,3,1,1
BRDA:28,4,0,7
BRDA:28,4,1,1
BRF:10
BRH:10
end_of_record
TN:
SF:db.js
FNF:0
FNH:0
DA:5,5
DA:6,5
DA:8,5
DA:12,5
DA:14,5
LF:5
LH:5
BRF:0
BRH:0
end_of_record
TN:
SF:expressError.js
FN:8,(anonymous_0)
FN:18,(anonymous_1)
FN:26,(anonymous_2)
FN:34,(anonymous_3)
FN:42,(anonymous_4)
FNF:5
FNH:4
FNDA:37,(anonymous_0)
FNDA:11,(anonymous_1)
FNDA:10,(anonymous_2)
FNDA:16,(anonymous_3)
FNDA:0,(anonymous_4)
DA:9,37
DA:10,37
DA:11,37
DA:19,11
DA:27,10
DA:35,16
DA:43,0
DA:47,7
LF:8
LH:7
BRDA:18,0,0,2
BRDA:26,1,0,6
BRDA:34,2,0,0
BRDA:42,3,0,0
BRF:4
BRH:2
end_of_record
TN:
SF:helpers/sql.js
FN:24,sqlForPartialUpdate
FN:29,(anonymous_1)
FN:51,sqlForFilteringAll
FN:72,(anonymous_3)
FNF:4
FNH:4
FNDA:13,sqlForPartialUpdate
FNDA:24,(anonymous_1)
FNDA:6,sqlForFilteringAll
FNDA:5,(anonymous_3)
DA:2,6
DA:25,13
DA:26,13
DA:29,10
DA:30,24
DA:33,10
DA:52,6
DA:54,6
DA:55,6
DA:56,2
DA:59,4
DA:60,9
DA:61,1
DA:65,3
DA:66,2
DA:67,1
DA:72,2
DA:73,5
DA:74,1
DA:76,4
DA:77,2
DA:79,2
DA:80,2
DA:81,2
DA:82,2
DA:84,2
DA:88,2
DA:95,6
LF:28
LH:28
BRDA:26,0,0,3
BRDA:26,0,1,10
BRDA:30,1,0,24
BRDA:30,1,1,11
BRDA:55,2,0,2
BRDA:55,2,1,4
BRDA:60,3,0,1
BRDA:60,3,1,8
BRDA:65,4,0,2
BRDA:65,4,1,1
BRDA:65,5,0,3
BRDA:65,5,1,2
BRDA:66,6,0,1
BRDA:66,6,1,1
BRDA:73,7,0,1
BRDA:73,7,1,4
BRDA:76,8,0,2
BRDA:76,8,1,2
BRDA:79,9,0,2
BRDA:79,9,1,0
BRF:20
BRH:19
end_of_record
TN:
SF:helpers/tokens.js
FN:6,createToken
FNF:1
FNH:1
FNDA:9,createToken
DA:1,4
DA:2,4
DA:7,9
DA:10,9
DA:15,9
DA:18,4
LF:6
LH:6
BRDA:12,0,0,9
BRDA:12,0,1,7
BRF:2
BRH:2
end_of_record
TN:
SF:middleware/auth.js
FN:18,authenticateJWT
FN:36,ensureLoggedIn
FNF:2
FNH:2
FNDA:32,authenticateJWT
FNDA:21,ensureLoggedIn
DA:5,4
DA:6,4
DA:7,4
DA:19,32
DA:20,32
DA:21,32
DA:22,16
DA:23,16
DA:25,31
DA:27,1
DA:37,21
DA:38,21
DA:39,15
DA:41,6
DA:46,4
LF:15
LH:15
BRDA:20,0,0,32
BRDA:20,0,1,31
BRDA:21,1,0,16
BRDA:21,1,1,16
BRDA:38,2,0,6
BRDA:38,2,1,15
BRF:6
BRH:6
end_of_record
TN:
SF:models/_testCommon.js
FN:6,commonBeforeAll
FN:33,commonBeforeEach
FN:37,commonAfterEach
FN:41,commonAfterAll
FNF:4
FNH:4
FNDA:2,commonBeforeAll
FNDA:28,commonBeforeEach
FNDA:28,commonAfterEach
FNDA:2,commonAfterAll
DA:1,2
DA:3,2
DA:4,2
DA:8,2
DA:10,2
DA:12,2
DA:18,2
DA:34,28
DA:38,28
DA:42,2
DA:46,2
LF:11
LH:11
BRF:0
BRH:0
end_of_record
TN:
SF:models/company.js
FN:19,(anonymous_0)
FN:57,(anonymous_1)
FN:96,(anonymous_2)
FN:126,(anonymous_3)
FN:153,(anonymous_4)
FNF:5
FNH:5
FNDA:9,(anonymous_0)
FNDA:3,(anonymous_1)
FNDA:2,(anonymous_2)
FNDA:4,(anonymous_3)
FNDA:2,(anonymous_4)
DA:3,4
DA:4,4
DA:5,4
DA:20,9
DA:26,9
DA:27,1
DA:29,8
DA:47,8
DA:49,8
DA:58,3
DA:60,2
DA:61,1
DA:69,1
DA:72,1
DA:74,1
DA:84,1
DA:97,2
DA:107,2
DA:109,2
DA:111,1
DA:127,4
DA:133,3
DA:135,3
DA:140,3
DA:141,3
DA:143,3
DA:145,2
DA:154,2
DA:160,2
DA:162,2
DA:167,4
LF:31
LH:31
BRDA:26,0,0,1
BRDA:26,0,1,8
BRDA:60,1,0,1
BRDA:60,1,1,1
BRDA:109,2,0,1
BRDA:109,2,1,1
BRDA:143,3,0,1
BRDA:143,3,1,2
BRDA:162,4,0,1
BRDA:162,4,1,1
BRF:10
BRH:10
end_of_record
TN:
SF:models/user.js
FN:24,(anonymous_0)
FN:59,(anonymous_1)
FN:104,(anonymous_2)
FN:126,(anonymous_3)
FN:162,(anonymous_4)
FN:195,(anonymous_5)
FNF:6
FNH:6
FNDA:7,(anonymous_0)
FNDA:13,(anonymous_1)
FNDA:3,(anonymous_2)
FNDA:4,(anonymous_3)
FNDA:7,(anonymous_4)
FNDA:4,(anonymous_5)
DA:3,4
DA:4,4
DA:5,4
DA:10,4
DA:12,4
DA:26,7
DA:38,7
DA:40,7
DA:42,4
DA:43,4
DA:44,3
DA:45,3
DA:49,4
DA:61,13
DA:68,13
DA:69,1
DA:72,12
DA:74,12
DA:94,12
DA:96,12
DA:105,3
DA:115,2
DA:127,4
DA:138,4
DA:140,4
DA:142,2
DA:163,7
DA:164,2
DA:167,7
DA:174,6
DA:176,6
DA:184,6
DA:185,6
DA:187,6
DA:189,4
DA:190,4
DA:196,4
DA:203,4
DA:205,4
DA:210,4
LF:40
LH:40
BRDA:40,0,0,4
BRDA:40,0,1,3
BRDA:43,1,0,3
BRDA:43,1,1,1
BRDA:68,2,0,1
BRDA:68,2,1,12
BRDA:140,3,0,2
BRDA:140,3,1,2
BRDA:163,4,0,2
BRDA:163,4,1,5
BRDA:187,5,0,2
BRDA:187,5,1,4
BRDA:205,6,0,2
BRDA:205,6,1,2
BRF:14
BRH:14
end_of_record
TN:
SF:routes/_testCommon.js
FN:8,commonBeforeAll
FN:65,commonBeforeEach
FN:69,commonAfterEach
FN:73,commonAfterAll
FNF:4
FNH:4
FNDA:2,commonBeforeAll
FNDA:27,commonBeforeEach
FNDA:27,commonAfterEach
FNDA:2,commonAfterAll
DA:3,2
DA:4,2
DA:5,2
DA:6,2
DA:10,2
DA:12,2
DA:14,2
DA:22,2
DA:30,2
DA:39,2
DA:47,2
DA:55,2
DA:66,27
DA:70,27
DA:74,2
DA:78,2
DA:81,2
LF:17
LH:17
BRF:0
BRH:0
end_of_record
TN:
SF:routes/auth.js
FN:22,(anonymous_0)
FN:29,(anonymous_1)
FN:49,(anonymous_2)
FN:56,(anonymous_3)
FNF:4
FNH:4
FNDA:5,(anonymous_0)
FNDA:2,(anonymous_1)
FNDA:3,(anonymous_2)
FNDA:5,(anonymous_3)
DA:5,3
DA:7,3
DA:8,3
DA:9,3
DA:10,3
DA:11,3
DA:12,3
DA:13,3
DA:22,3
DA:23,5
DA:28,5
DA:29,2
DA:30,2
DA:33,3
DA:34,3
DA:35,1
DA:36,1
DA:49,3
DA:50,3
DA:55,3
DA:56,5
DA:57,2
DA:60,1
DA:61,1
DA:62,1
DA:66,3
LF:26
LH:26
BRDA:28,0,0,2
BRDA:28,0,1,3
BRDA:55,1,0,2
BRDA:55,1,1,1
BRF:4
BRH:4
end_of_record
TN:
SF:routes/companies.js
FN:27,(anonymous_0)
FN:34,(anonymous_1)
FN:53,(anonymous_2)
FN:67,(anonymous_3)
FN:83,(anonymous_4)
FN:90,(anonymous_5)
FN:103,(anonymous_6)
FNF:7
FNH:0
FNDA:0,(anonymous_0)
FNDA:0,(anonymous_1)
FNDA:0,(anonymous_2)
FNDA:0,(anonymous_3)
FNDA:0,(anonymous_4)
FNDA:0,(anonymous_5)
FNDA:0,(anonymous_6)
DA:5,3
DA:6,3
DA:8,3
DA:9,3
DA:10,3
DA:12,3
DA:13,3
DA:15,3
DA:27,3
DA:28,0
DA:33,0
DA:34,0
DA:35,0
DA:38,0
DA:39,0
DA:53,3
DA:54,0
DA:55,0
DA:56,0
DA:67,3
DA:68,0
DA:69,0
DA:83,3
DA:84,0
DA:89,0
DA:90,0
DA:91,0
DA:94,0
DA:95,0
DA:103,3
DA:104,0
DA:105,0
DA:109,3
LF:33
LH:14
BRDA:33,0,0,0
BRDA:33,0,1,0
BRDA:89,1,0,0
BRDA:89,1,1,0
BRF:4
BRH:0
end_of_record
TN:
SF:routes/users.js
FN:30,(anonymous_0)
FN:37,(anonymous_1)
FN:54,(anonymous_2)
FN:67,(anonymous_3)
FN:83,(anonymous_4)
FN:90,(anonymous_5)
FN:104,(anonymous_6)
FNF:7
FNH:7
FNDA:4,(anonymous_0)
FNDA:5,(anonymous_1)
FNDA:2,(anonymous_2)
FNDA:2,(anonymous_3)
FNDA:4,(anonymous_4)
FNDA:1,(anonymous_5)
FNDA:2,(anonymous_6)
DA:5,3
DA:7,3
DA:8,3
DA:9,3
DA:10,3
DA:11,3
DA:12,3
DA:13,3
DA:15,3
DA:30,3
DA:31,4
DA:36,4
DA:37,5
DA:38,2
DA:41,2
DA:42,2
DA:43,2
DA:54,3
DA:55,2
DA:56,1
DA:67,3
DA:68,2
DA:69,1
DA:83,3
DA:84,4
DA:89,4
DA:90,1
DA:91,1
DA:94,3
DA:95,2
DA:104,3
DA:105,2
DA:106,1
DA:110,3
LF:34
LH:34
BRDA:36,0,0,2
BRDA:36,0,1,2
BRDA:89,1,0,1
BRDA:89,1,1,3
BRF:4
BRH:4
end_of_record
